ERROR - 2024-04-04 05:58:30 --> Unknown column 'created_by' in 'where clause'
CRITICAL - 2024-04-04 05:58:30 --> Call to a member function getResult() on bool
#0 /home/u451016334/domains/suratdinkes.online/public_html/system/BaseModel.php(584): CodeIgniter\Model->doFindAll()
#1 /home/u451016334/domains/suratdinkes.online/public_html/app/Controllers/Surat_Out.php(53): CodeIgniter\BaseModel->findAll()
#2 /home/u451016334/domains/suratdinkes.online/public_html/system/CodeIgniter.php(825): App\Controllers\Surat_Out->ajax_out()
#3 /home/u451016334/domains/suratdinkes.online/public_html/system/CodeIgniter.php(412): CodeIgniter\CodeIgniter->runController()
#4 /home/u451016334/domains/suratdinkes.online/public_html/system/CodeIgniter.php(320): CodeIgniter\CodeIgniter->handleRequest()
#5 /home/u451016334/domains/suratdinkes.online/public_html/public/index.php(37): CodeIgniter\CodeIgniter->run()
#6 {main}
ERROR - 2024-04-04 05:58:30 --> Unknown column 'created_by' in 'where clause'
CRITICAL - 2024-04-04 05:58:30 --> Call to a member function getResult() on bool
#0 /home/u451016334/domains/suratdinkes.online/public_html/system/BaseModel.php(584): CodeIgniter\Model->doFindAll()
#1 /home/u451016334/domains/suratdinkes.online/public_html/app/Controllers/Surat_Out.php(53): CodeIgniter\BaseModel->findAll()
#2 /home/u451016334/domains/suratdinkes.online/public_html/system/CodeIgniter.php(825): App\Controllers\Surat_Out->ajax_out()
#3 /home/u451016334/domains/suratdinkes.online/public_html/system/CodeIgniter.php(412): CodeIgniter\CodeIgniter->runController()
#4 /home/u451016334/domains/suratdinkes.online/public_html/system/CodeIgniter.php(320): CodeIgniter\CodeIgniter->handleRequest()
#5 /home/u451016334/domains/suratdinkes.online/public_html/public/index.php(37): CodeIgniter\CodeIgniter->run()
#6 {main}
ERROR - 2024-04-04 05:58:34 --> Unknown column 'created_by' in 'where clause'
CRITICAL - 2024-04-04 05:58:34 --> Call to a member function getResult() on bool
#0 /home/u451016334/domains/suratdinkes.online/public_html/system/BaseModel.php(584): CodeIgniter\Model->doFindAll()
#1 /home/u451016334/domains/suratdinkes.online/public_html/app/Controllers/Surat_Out.php(53): CodeIgniter\BaseModel->findAll()
#2 /home/u451016334/domains/suratdinkes.online/public_html/system/CodeIgniter.php(825): App\Controllers\Surat_Out->ajax_out()
#3 /home/u451016334/domains/suratdinkes.online/public_html/system/CodeIgniter.php(412): CodeIgniter\CodeIgniter->runController()
#4 /home/u451016334/domains/suratdinkes.online/public_html/system/CodeIgniter.php(320): CodeIgniter\CodeIgniter->handleRequest()
#5 /home/u451016334/domains/suratdinkes.online/public_html/public/index.php(37): CodeIgniter\CodeIgniter->run()
#6 {main}
ERROR - 2024-04-04 07:49:25 --> Unknown column 'created_by' in 'where clause'
CRITICAL - 2024-04-04 07:49:25 --> Call to a member function getResult() on bool
#0 /home/u451016334/domains/suratdinkes.online/public_html/system/BaseModel.php(584): CodeIgniter\Model->doFindAll()
#1 /home/u451016334/domains/suratdinkes.online/public_html/app/Controllers/Surat_Out.php(53): CodeIgniter\BaseModel->findAll()
#2 /home/u451016334/domains/suratdinkes.online/public_html/system/CodeIgniter.php(825): App\Controllers\Surat_Out->ajax_out()
#3 /home/u451016334/domains/suratdinkes.online/public_html/system/CodeIgniter.php(412): CodeIgniter\CodeIgniter->runController()
#4 /home/u451016334/domains/suratdinkes.online/public_html/system/CodeIgniter.php(320): CodeIgniter\CodeIgniter->handleRequest()
#5 /home/u451016334/domains/suratdinkes.online/public_html/public/index.php(37): CodeIgniter\CodeIgniter->run()
#6 {main}
ERROR - 2024-04-04 07:52:39 --> Unknown column 'created_by' in 'where clause'
CRITICAL - 2024-04-04 07:52:39 --> Call to a member function getResult() on bool
#0 /home/u451016334/domains/suratdinkes.online/public_html/system/BaseModel.php(584): CodeIgniter\Model->doFindAll()
#1 /home/u451016334/domains/suratdinkes.online/public_html/app/Controllers/Surat_Out.php(53): CodeIgniter\BaseModel->findAll()
#2 /home/u451016334/domains/suratdinkes.online/public_html/system/CodeIgniter.php(825): App\Controllers\Surat_Out->ajax_out()
#3 /home/u451016334/domains/suratdinkes.online/public_html/system/CodeIgniter.php(412): CodeIgniter\CodeIgniter->runController()
#4 /home/u451016334/domains/suratdinkes.online/public_html/system/CodeIgniter.php(320): CodeIgniter\CodeIgniter->handleRequest()
#5 /home/u451016334/domains/suratdinkes.online/public_html/public/index.php(37): CodeIgniter\CodeIgniter->run()
#6 {main}
ERROR - 2024-04-04 07:53:50 --> Unknown column 'created_by' in 'where clause'
CRITICAL - 2024-04-04 07:53:50 --> Call to a member function getResult() on bool
#0 /home/u451016334/domains/suratdinkes.online/public_html/system/BaseModel.php(584): CodeIgniter\Model->doFindAll()
#1 /home/u451016334/domains/suratdinkes.online/public_html/app/Controllers/Surat_Out.php(53): CodeIgniter\BaseModel->findAll()
#2 /home/u451016334/domains/suratdinkes.online/public_html/system/CodeIgniter.php(825): App\Controllers\Surat_Out->ajax_out()
#3 /home/u451016334/domains/suratdinkes.online/public_html/system/CodeIgniter.php(412): CodeIgniter\CodeIgniter->runController()
#4 /home/u451016334/domains/suratdinkes.online/public_html/system/CodeIgniter.php(320): CodeIgniter\CodeIgniter->handleRequest()
#5 /home/u451016334/domains/suratdinkes.online/public_html/public/index.php(37): CodeIgniter\CodeIgniter->run()
#6 {main}
ERROR - 2024-04-04 07:54:30 --> Unknown column 'created_by' in 'where clause'
CRITICAL - 2024-04-04 07:54:30 --> Call to a member function getResult() on bool
#0 /home/u451016334/domains/suratdinkes.online/public_html/system/BaseModel.php(584): CodeIgniter\Model->doFindAll()
#1 /home/u451016334/domains/suratdinkes.online/public_html/app/Controllers/Surat_Out.php(53): CodeIgniter\BaseModel->findAll()
#2 /home/u451016334/domains/suratdinkes.online/public_html/system/CodeIgniter.php(825): App\Controllers\Surat_Out->ajax_out()
#3 /home/u451016334/domains/suratdinkes.online/public_html/system/CodeIgniter.php(412): CodeIgniter\CodeIgniter->runController()
#4 /home/u451016334/domains/suratdinkes.online/public_html/system/CodeIgniter.php(320): CodeIgniter\CodeIgniter->handleRequest()
#5 /home/u451016334/domains/suratdinkes.online/public_html/public/index.php(37): CodeIgniter\CodeIgniter->run()
#6 {main}
ERROR - 2024-04-04 07:57:41 --> Unknown column 'created_by' in 'where clause'
CRITICAL - 2024-04-04 07:57:41 --> Call to a member function getResult() on bool
#0 /home/u451016334/domains/suratdinkes.online/public_html/system/BaseModel.php(584): CodeIgniter\Model->doFindAll()
#1 /home/u451016334/domains/suratdinkes.online/public_html/app/Controllers/Surat_Out.php(53): CodeIgniter\BaseModel->findAll()
#2 /home/u451016334/domains/suratdinkes.online/public_html/system/CodeIgniter.php(825): App\Controllers\Surat_Out->ajax_out()
#3 /home/u451016334/domains/suratdinkes.online/public_html/system/CodeIgniter.php(412): CodeIgniter\CodeIgniter->runController()
#4 /home/u451016334/domains/suratdinkes.online/public_html/system/CodeIgniter.php(320): CodeIgniter\CodeIgniter->handleRequest()
#5 /home/u451016334/domains/suratdinkes.online/public_html/public/index.php(37): CodeIgniter\CodeIgniter->run()
#6 {main}
ERROR - 2024-04-04 07:57:59 --> Unknown column 'created_by' in 'where clause'
CRITICAL - 2024-04-04 07:57:59 --> Call to a member function getResult() on bool
#0 /home/u451016334/domains/suratdinkes.online/public_html/system/BaseModel.php(584): CodeIgniter\Model->doFindAll()
#1 /home/u451016334/domains/suratdinkes.online/public_html/app/Controllers/Surat_Out.php(53): CodeIgniter\BaseModel->findAll()
#2 /home/u451016334/domains/suratdinkes.online/public_html/system/CodeIgniter.php(825): App\Controllers\Surat_Out->ajax_out()
#3 /home/u451016334/domains/suratdinkes.online/public_html/system/CodeIgniter.php(412): CodeIgniter\CodeIgniter->runController()
#4 /home/u451016334/domains/suratdinkes.online/public_html/system/CodeIgniter.php(320): CodeIgniter\CodeIgniter->handleRequest()
#5 /home/u451016334/domains/suratdinkes.online/public_html/public/index.php(37): CodeIgniter\CodeIgniter->run()
#6 {main}
ERROR - 2024-04-04 07:58:14 --> Unknown column 'created_by' in 'where clause'
CRITICAL - 2024-04-04 07:58:14 --> Call to a member function getResult() on bool
#0 /home/u451016334/domains/suratdinkes.online/public_html/system/BaseModel.php(584): CodeIgniter\Model->doFindAll()
#1 /home/u451016334/domains/suratdinkes.online/public_html/app/Controllers/Surat_Out.php(53): CodeIgniter\BaseModel->findAll()
#2 /home/u451016334/domains/suratdinkes.online/public_html/system/CodeIgniter.php(825): App\Controllers\Surat_Out->ajax_out()
#3 /home/u451016334/domains/suratdinkes.online/public_html/system/CodeIgniter.php(412): CodeIgniter\CodeIgniter->runController()
#4 /home/u451016334/domains/suratdinkes.online/public_html/system/CodeIgniter.php(320): CodeIgniter\CodeIgniter->handleRequest()
#5 /home/u451016334/domains/suratdinkes.online/public_html/public/index.php(37): CodeIgniter\CodeIgniter->run()
#6 {main}
ERROR - 2024-04-04 07:58:25 --> Unknown column 'created_by' in 'where clause'
CRITICAL - 2024-04-04 07:58:25 --> Call to a member function getResult() on bool
#0 /home/u451016334/domains/suratdinkes.online/public_html/system/BaseModel.php(584): CodeIgniter\Model->doFindAll()
#1 /home/u451016334/domains/suratdinkes.online/public_html/app/Controllers/Surat_Out.php(53): CodeIgniter\BaseModel->findAll()
#2 /home/u451016334/domains/suratdinkes.online/public_html/system/CodeIgniter.php(825): App\Controllers\Surat_Out->ajax_out()
#3 /home/u451016334/domains/suratdinkes.online/public_html/system/CodeIgniter.php(412): CodeIgniter\CodeIgniter->runController()
#4 /home/u451016334/domains/suratdinkes.online/public_html/system/CodeIgniter.php(320): CodeIgniter\CodeIgniter->handleRequest()
#5 /home/u451016334/domains/suratdinkes.online/public_html/public/index.php(37): CodeIgniter\CodeIgniter->run()
#6 {main}
ERROR - 2024-04-04 07:58:42 --> Unknown column 'created_by' in 'where clause'
CRITICAL - 2024-04-04 07:58:42 --> Call to a member function getResult() on bool
#0 /home/u451016334/domains/suratdinkes.online/public_html/system/BaseModel.php(584): CodeIgniter\Model->doFindAll()
#1 /home/u451016334/domains/suratdinkes.online/public_html/app/Controllers/Surat_Out.php(53): CodeIgniter\BaseModel->findAll()
#2 /home/u451016334/domains/suratdinkes.online/public_html/system/CodeIgniter.php(825): App\Controllers\Surat_Out->ajax_out()
#3 /home/u451016334/domains/suratdinkes.online/public_html/system/CodeIgniter.php(412): CodeIgniter\CodeIgniter->runController()
#4 /home/u451016334/domains/suratdinkes.online/public_html/system/CodeIgniter.php(320): CodeIgniter\CodeIgniter->handleRequest()
#5 /home/u451016334/domains/suratdinkes.online/public_html/public/index.php(37): CodeIgniter\CodeIgniter->run()
#6 {main}
ERROR - 2024-04-04 07:58:47 --> Unknown column 'created_by' in 'where clause'
CRITICAL - 2024-04-04 07:58:47 --> Call to a member function getResult() on bool
#0 /home/u451016334/domains/suratdinkes.online/public_html/system/BaseModel.php(584): CodeIgniter\Model->doFindAll()
#1 /home/u451016334/domains/suratdinkes.online/public_html/app/Controllers/Surat_Out.php(53): CodeIgniter\BaseModel->findAll()
#2 /home/u451016334/domains/suratdinkes.online/public_html/system/CodeIgniter.php(825): App\Controllers\Surat_Out->ajax_out()
#3 /home/u451016334/domains/suratdinkes.online/public_html/system/CodeIgniter.php(412): CodeIgniter\CodeIgniter->runController()
#4 /home/u451016334/domains/suratdinkes.online/public_html/system/CodeIgniter.php(320): CodeIgniter\CodeIgniter->handleRequest()
#5 /home/u451016334/domains/suratdinkes.online/public_html/public/index.php(37): CodeIgniter\CodeIgniter->run()
#6 {main}
ERROR - 2024-04-04 08:00:35 --> Unknown column 'created_by' in 'where clause'
CRITICAL - 2024-04-04 08:00:35 --> Call to a member function getResult() on bool
#0 /home/u451016334/domains/suratdinkes.online/public_html/system/BaseModel.php(584): CodeIgniter\Model->doFindAll()
#1 /home/u451016334/domains/suratdinkes.online/public_html/app/Controllers/Surat_Out.php(53): CodeIgniter\BaseModel->findAll()
#2 /home/u451016334/domains/suratdinkes.online/public_html/system/CodeIgniter.php(825): App\Controllers\Surat_Out->ajax_out()
#3 /home/u451016334/domains/suratdinkes.online/public_html/system/CodeIgniter.php(412): CodeIgniter\CodeIgniter->runController()
#4 /home/u451016334/domains/suratdinkes.online/public_html/system/CodeIgniter.php(320): CodeIgniter\CodeIgniter->handleRequest()
#5 /home/u451016334/domains/suratdinkes.online/public_html/public/index.php(37): CodeIgniter\CodeIgniter->run()
#6 {main}
ERROR - 2024-04-04 08:27:54 --> Unknown column 'created_by' in 'where clause'
CRITICAL - 2024-04-04 08:27:54 --> Call to a member function getResult() on bool
#0 /home/u451016334/domains/suratdinkes.online/public_html/system/BaseModel.php(584): CodeIgniter\Model->doFindAll()
#1 /home/u451016334/domains/suratdinkes.online/public_html/app/Controllers/Surat_Out.php(53): CodeIgniter\BaseModel->findAll()
#2 /home/u451016334/domains/suratdinkes.online/public_html/system/CodeIgniter.php(825): App\Controllers\Surat_Out->ajax_out()
#3 /home/u451016334/domains/suratdinkes.online/public_html/system/CodeIgniter.php(412): CodeIgniter\CodeIgniter->runController()
#4 /home/u451016334/domains/suratdinkes.online/public_html/system/CodeIgniter.php(320): CodeIgniter\CodeIgniter->handleRequest()
#5 /home/u451016334/domains/suratdinkes.online/public_html/public/index.php(37): CodeIgniter\CodeIgniter->run()
#6 {main}
ERROR - 2024-04-04 11:40:58 --> Unknown column 'created_by' in 'where clause'
CRITICAL - 2024-04-04 11:40:58 --> Call to a member function getResult() on bool
#0 /home/u451016334/domains/suratdinkes.online/public_html/system/BaseModel.php(584): CodeIgniter\Model->doFindAll()
#1 /home/u451016334/domains/suratdinkes.online/public_html/app/Controllers/Surat_Out.php(53): CodeIgniter\BaseModel->findAll()
#2 /home/u451016334/domains/suratdinkes.online/public_html/system/CodeIgniter.php(825): App\Controllers\Surat_Out->ajax_out()
#3 /home/u451016334/domains/suratdinkes.online/public_html/system/CodeIgniter.php(412): CodeIgniter\CodeIgniter->runController()
#4 /home/u451016334/domains/suratdinkes.online/public_html/system/CodeIgniter.php(320): CodeIgniter\CodeIgniter->handleRequest()
#5 /home/u451016334/domains/suratdinkes.online/public_html/public/index.php(37): CodeIgniter\CodeIgniter->run()
#6 {main}
ERROR - 2024-04-04 12:08:53 --> Unknown column 'created_by' in 'where clause'
CRITICAL - 2024-04-04 12:08:53 --> Call to a member function getResult() on bool
#0 /home/u451016334/domains/suratdinkes.online/public_html/system/BaseModel.php(584): CodeIgniter\Model->doFindAll()
#1 /home/u451016334/domains/suratdinkes.online/public_html/app/Controllers/Surat_Out.php(53): CodeIgniter\BaseModel->findAll()
#2 /home/u451016334/domains/suratdinkes.online/public_html/system/CodeIgniter.php(825): App\Controllers\Surat_Out->ajax_out()
#3 /home/u451016334/domains/suratdinkes.online/public_html/system/CodeIgniter.php(412): CodeIgniter\CodeIgniter->runController()
#4 /home/u451016334/domains/suratdinkes.online/public_html/system/CodeIgniter.php(320): CodeIgniter\CodeIgniter->handleRequest()
#5 /home/u451016334/domains/suratdinkes.online/public_html/public/index.php(37): CodeIgniter\CodeIgniter->run()
#6 {main}
ERROR - 2024-04-04 12:11:19 --> Unknown column 'created_by' in 'where clause'
CRITICAL - 2024-04-04 12:11:19 --> Call to a member function getResult() on bool
#0 /home/u451016334/domains/suratdinkes.online/public_html/system/BaseModel.php(584): CodeIgniter\Model->doFindAll()
#1 /home/u451016334/domains/suratdinkes.online/public_html/app/Controllers/Surat_Out.php(53): CodeIgniter\BaseModel->findAll()
#2 /home/u451016334/domains/suratdinkes.online/public_html/system/CodeIgniter.php(825): App\Controllers\Surat_Out->ajax_out()
#3 /home/u451016334/domains/suratdinkes.online/public_html/system/CodeIgniter.php(412): CodeIgniter\CodeIgniter->runController()
#4 /home/u451016334/domains/suratdinkes.online/public_html/system/CodeIgniter.php(320): CodeIgniter\CodeIgniter->handleRequest()
#5 /home/u451016334/domains/suratdinkes.online/public_html/public/index.php(37): CodeIgniter\CodeIgniter->run()
#6 {main}
ERROR - 2024-04-04 12:14:30 --> Unknown column 'created_by' in 'where clause'
CRITICAL - 2024-04-04 12:14:30 --> Call to a member function getResult() on bool
#0 /home/u451016334/domains/suratdinkes.online/public_html/system/BaseModel.php(584): CodeIgniter\Model->doFindAll()
#1 /home/u451016334/domains/suratdinkes.online/public_html/app/Controllers/Surat_Out.php(53): CodeIgniter\BaseModel->findAll()
#2 /home/u451016334/domains/suratdinkes.online/public_html/system/CodeIgniter.php(825): App\Controllers\Surat_Out->ajax_out()
#3 /home/u451016334/domains/suratdinkes.online/public_html/system/CodeIgniter.php(412): CodeIgniter\CodeIgniter->runController()
#4 /home/u451016334/domains/suratdinkes.online/public_html/system/CodeIgniter.php(320): CodeIgniter\CodeIgniter->handleRequest()
#5 /home/u451016334/domains/suratdinkes.online/public_html/public/index.php(37): CodeIgniter\CodeIgniter->run()
#6 {main}
ERROR - 2024-04-04 12:16:21 --> Unknown column 'created_by' in 'where clause'
CRITICAL - 2024-04-04 12:16:21 --> Call to a member function getResult() on bool
#0 /home/u451016334/domains/suratdinkes.online/public_html/system/BaseModel.php(584): CodeIgniter\Model->doFindAll()
#1 /home/u451016334/domains/suratdinkes.online/public_html/app/Controllers/Surat_Out.php(53): CodeIgniter\BaseModel->findAll()
#2 /home/u451016334/domains/suratdinkes.online/public_html/system/CodeIgniter.php(825): App\Controllers\Surat_Out->ajax_out()
#3 /home/u451016334/domains/suratdinkes.online/public_html/system/CodeIgniter.php(412): CodeIgniter\CodeIgniter->runController()
#4 /home/u451016334/domains/suratdinkes.online/public_html/system/CodeIgniter.php(320): CodeIgniter\CodeIgniter->handleRequest()
#5 /home/u451016334/domains/suratdinkes.online/public_html/public/index.php(37): CodeIgniter\CodeIgniter->run()
#6 {main}
