ERROR - 2024-04-02 10:41:03 --> Error connecting to the database: Access denied for user '****'@'localhost' (using password: YES)
CRITICAL - 2024-04-02 10:41:03 --> Unable to connect to the database.
Main connection [MySQLi]: Access denied for user '****'@'localhost' (using password: YES)
#0 /home/u451016334/domains/suratdinkes.online/public_html/system/Database/BaseConnection.php(577): CodeIgniter\Database\BaseConnection->initialize()
#1 /home/u451016334/domains/suratdinkes.online/public_html/system/Database/BaseBuilder.php(1455): CodeIgniter\Database\BaseConnection->query()
#2 /home/u451016334/domains/suratdinkes.online/public_html/system/Model.php(728): CodeIgniter\Database\BaseBuilder->get()
#3 /home/u451016334/domains/suratdinkes.online/public_html/app/Controllers/Login.php(24): CodeIgniter\Model->__call()
#4 /home/u451016334/domains/suratdinkes.online/public_html/system/CodeIgniter.php(825): App\Controllers\Login->index()
#5 /home/u451016334/domains/suratdinkes.online/public_html/system/CodeIgniter.php(412): CodeIgniter\CodeIgniter->runController()
#6 /home/u451016334/domains/suratdinkes.online/public_html/system/CodeIgniter.php(320): CodeIgniter\CodeIgniter->handleRequest()
#7 /home/u451016334/domains/suratdinkes.online/public_html/public/index.php(37): CodeIgniter\CodeIgniter->run()
#8 {main}
ERROR - 2024-04-02 12:59:27 --> Error connecting to the database: Access denied for user '****'@'localhost' (using password: YES)
CRITICAL - 2024-04-02 12:59:27 --> Unable to connect to the database.
Main connection [MySQLi]: Access denied for user '****'@'localhost' (using password: YES)
#0 /home/u451016334/domains/suratdinkes.online/public_html/system/Database/BaseConnection.php(577): CodeIgniter\Database\BaseConnection->initialize()
#1 /home/u451016334/domains/suratdinkes.online/public_html/system/Database/BaseBuilder.php(1455): CodeIgniter\Database\BaseConnection->query()
#2 /home/u451016334/domains/suratdinkes.online/public_html/system/Model.php(728): CodeIgniter\Database\BaseBuilder->get()
#3 /home/u451016334/domains/suratdinkes.online/public_html/app/Controllers/Login.php(24): CodeIgniter\Model->__call()
#4 /home/u451016334/domains/suratdinkes.online/public_html/system/CodeIgniter.php(825): App\Controllers\Login->index()
#5 /home/u451016334/domains/suratdinkes.online/public_html/system/CodeIgniter.php(412): CodeIgniter\CodeIgniter->runController()
#6 /home/u451016334/domains/suratdinkes.online/public_html/system/CodeIgniter.php(320): CodeIgniter\CodeIgniter->handleRequest()
#7 /home/u451016334/domains/suratdinkes.online/public_html/public/index.php(37): CodeIgniter\CodeIgniter->run()
#8 {main}
ERROR - 2024-04-02 13:03:20 --> Error connecting to the database: Access denied for user '****'@'localhost' (using password: YES)
CRITICAL - 2024-04-02 13:03:20 --> Unable to connect to the database.
Main connection [MySQLi]: Access denied for user '****'@'localhost' (using password: YES)
#0 /home/u451016334/domains/suratdinkes.online/public_html/system/Database/BaseConnection.php(577): CodeIgniter\Database\BaseConnection->initialize()
#1 /home/u451016334/domains/suratdinkes.online/public_html/system/Database/BaseBuilder.php(1455): CodeIgniter\Database\BaseConnection->query()
#2 /home/u451016334/domains/suratdinkes.online/public_html/system/Model.php(728): CodeIgniter\Database\BaseBuilder->get()
#3 /home/u451016334/domains/suratdinkes.online/public_html/app/Controllers/Login.php(24): CodeIgniter\Model->__call()
#4 /home/u451016334/domains/suratdinkes.online/public_html/system/CodeIgniter.php(825): App\Controllers\Login->index()
#5 /home/u451016334/domains/suratdinkes.online/public_html/system/CodeIgniter.php(412): CodeIgniter\CodeIgniter->runController()
#6 /home/u451016334/domains/suratdinkes.online/public_html/system/CodeIgniter.php(320): CodeIgniter\CodeIgniter->handleRequest()
#7 /home/u451016334/domains/suratdinkes.online/public_html/public/index.php(37): CodeIgniter\CodeIgniter->run()
#8 {main}
ERROR - 2024-04-02 14:23:10 --> Error connecting to the database: Access denied for user '****'@'localhost' (using password: YES)
CRITICAL - 2024-04-02 14:23:10 --> Unable to connect to the database.
Main connection [MySQLi]: Access denied for user '****'@'localhost' (using password: YES)
#0 /home/u451016334/domains/suratdinkes.online/public_html/system/Database/BaseConnection.php(577): CodeIgniter\Database\BaseConnection->initialize()
#1 /home/u451016334/domains/suratdinkes.online/public_html/system/Database/BaseBuilder.php(1455): CodeIgniter\Database\BaseConnection->query()
#2 /home/u451016334/domains/suratdinkes.online/public_html/system/Model.php(728): CodeIgniter\Database\BaseBuilder->get()
#3 /home/u451016334/domains/suratdinkes.online/public_html/app/Controllers/Login.php(24): CodeIgniter\Model->__call()
#4 /home/u451016334/domains/suratdinkes.online/public_html/system/CodeIgniter.php(825): App\Controllers\Login->index()
#5 /home/u451016334/domains/suratdinkes.online/public_html/system/CodeIgniter.php(412): CodeIgniter\CodeIgniter->runController()
#6 /home/u451016334/domains/suratdinkes.online/public_html/system/CodeIgniter.php(320): CodeIgniter\CodeIgniter->handleRequest()
#7 /home/u451016334/domains/suratdinkes.online/public_html/public/index.php(37): CodeIgniter\CodeIgniter->run()
#8 {main}
